  SDLApplication.cpp
C:\Users\49leg\Documents\GitHub\nullptr\Game\Game\src\components\Transform.h(55,42): warning C4244: 'argumento': conversión de 'int' a 'float'; posible pérdida de datos
C:\Users\49leg\Documents\GitHub\nullptr\Game\Game\src\components\Transform.h(60,24): warning C4244: 'argumento': conversión de 'int' a 'float'; posible pérdida de datos
C:\Users\49leg\Documents\GitHub\nullptr\Game\Game\src\components\Transform.h(101,26): warning C4244: '=': conversión de 'float' a 'int'; posible pérdida de datos
C:\Users\49leg\Documents\GitHub\nullptr\Game\Game\src\components\Transform.h(102,26): warning C4244: '=': conversión de 'float' a 'int'; posible pérdida de datos
C:\Users\49leg\Documents\GitHub\nullptr\Game\Game\src\components\Transform.h(103,12): warning C4244: '=': conversión de 'float' a 'int'; posible pérdida de datos
C:\Users\49leg\Documents\GitHub\nullptr\Game\Game\src\components\Transform.h(104,12): warning C4244: '=': conversión de 'float' a 'int'; posible pérdida de datos
C:\Users\49leg\Documents\GitHub\nullptr\Game\Game\src\components\Transform.h(117,10): warning C4244: 'inicializando': conversión de 'double' a 'int'; posible pérdida de datos
C:\Users\49leg\Documents\GitHub\nullptr\Game\Game\src\components\Transform.h(118,10): warning C4244: 'inicializando': conversión de 'double' a 'int'; posible pérdida de datos
C:\Users\49leg\Documents\GitHub\nullptr\Game\Game\src\components\Transform.h(119,10): warning C4244: 'inicializando': conversión de 'double' a 'int'; posible pérdida de datos
C:\Users\49leg\Documents\GitHub\nullptr\Game\Game\src\components\Transform.h(120,10): warning C4244: 'inicializando': conversión de 'double' a 'int'; posible pérdida de datos
C:\Users\49leg\Documents\GitHub\nullptr\Game\Game\src\components\Transform.h(121,10): warning C4244: 'inicializando': conversión de 'double' a 'int'; posible pérdida de datos
C:\Users\49leg\Documents\GitHub\nullptr\Game\Game\src\components\Transform.h(122,10): warning C4244: 'inicializando': conversión de 'double' a 'int'; posible pérdida de datos
C:\Users\49leg\Documents\GitHub\nullptr\Game\Game\src\components\Transform.h(123,10): warning C4244: 'inicializando': conversión de 'double' a 'int'; posible pérdida de datos
C:\Users\49leg\Documents\GitHub\nullptr\Game\Game\src\components\Transform.h(124,10): warning C4244: 'inicializando': conversión de 'double' a 'int'; posible pérdida de datos
C:\Users\49leg\Documents\GitHub\nullptr\Game\Game\src\components\Transform.h(133,29): warning C4244: '=': conversión de 'float' a 'int'; posible pérdida de datos
C:\Users\49leg\Documents\GitHub\nullptr\Game\Game\src\components\Transform.h(134,29): warning C4244: '=': conversión de 'float' a 'int'; posible pérdida de datos
C:\Users\49leg\Documents\GitHub\nullptr\Game\Game\src\sdlutils\InputHandler.h(174,30): warning C4244: 'argumento': conversión de 'const Sint32' a 'float'; posible pérdida de datos
C:\Users\49leg\Documents\GitHub\nullptr\Game\Game\src\sdlutils\InputHandler.h(175,30): warning C4244: 'argumento': conversión de 'const Sint32' a 'float'; posible pérdida de datos
C:\Users\49leg\Documents\GitHub\nullptr\Game\Game\src\core\Card.h(40,30): warning C4244: 'return': conversión de 'float' a 'int'; posible pérdida de datos
C:\Users\49leg\Documents\GitHub\nullptr\Game\Game\src\components\CardComponent.h(49,21): warning C4267: 'return': conversión de 'size_t' a 'int'; posible pérdida de datos
C:\Users\49leg\Documents\GitHub\nullptr\Game\Game\src\components\CardComponent.h(50,21): warning C4267: 'return': conversión de 'size_t' a 'int'; posible pérdida de datos
C:\Users\49leg\Documents\GitHub\nullptr\Game\Game\src\components\EnemyBehavior.h(33,28): warning C4244: '=': conversión de 'Uint32' a 'float'; posible pérdida de datos
C:\Users\49leg\Documents\GitHub\nullptr\Game\Game\src\node\Node.h(60,36): warning C4114: el mismo calificador de tipo se ha utilizado más de una vez
C:\Users\49leg\Documents\GitHub\nullptr\Game\Game\src\sdlutils\SDLUtils.h(51,32): warning C4101: 'e': variable local sin referencia
C:\Users\49leg\Documents\GitHub\nullptr\Game\Game\src\sdlutils\SDLUtils.h(48): message : al compilar la función del miembro clase plantilla "Texture &SDLUtils::map_access_wrapper<Texture>::at(std::string)"
C:\Users\49leg\Documents\GitHub\nullptr\Game\Game\src\sdlutils\SDLUtils.h(195): message : Vea la referencia a la creación de una instancia de clase plantilla "SDLUtils::map_access_wrapper<Texture>" que se está compilando
  Game.vcxproj -> C:\Users\49leg\Documents\GitHub\nullptr\Game\x64\Debug\Game.exe
