c:\users\portatil\desktop\clase\facul\p2\nullptr\game\game\x64\debug\vc143.pdb
c:\users\portatil\desktop\clase\facul\p2\nullptr\game\game\x64\debug\vc143.idb
c:\users\rafa0\onedrive\documentos\github\nullptr\game\game\x64\debug\vc143.pdb
c:\users\rafa0\onedrive\documentos\github\nullptr\game\game\x64\debug\vc143.idb
c:\users\rafa0\onedrive\documentos\github\nullptr\game\game\x64\debug\texture.obj
c:\users\rafa0\onedrive\documentos\github\nullptr\game\game\x64\debug\shopscene.obj
c:\users\rafa0\onedrive\documentos\github\nullptr\game\game\x64\debug\pausemenuscene.obj
c:\users\rafa0\onedrive\documentos\github\nullptr\game\game\x64\debug\optionsmenuscene.obj
c:\users\rafa0\onedrive\documentos\github\nullptr\game\game\x64\debug\mapscene.obj
c:\users\rafa0\onedrive\documentos\github\nullptr\game\game\x64\debug\mainmenuscene.obj
c:\users\rafa0\onedrive\documentos\github\nullptr\game\game\x64\debug\inventoryscene.obj
c:\users\rafa0\onedrive\documentos\github\nullptr\game\game\x64\debug\gamestate.obj
c:\users\rafa0\onedrive\documentos\github\nullptr\game\game\x64\debug\chestscene.obj
c:\users\rafa0\onedrive\documentos\github\nullptr\game\game\x64\debug\battlescene.obj
c:\users\rafa0\onedrive\documentos\github\nullptr\game\game\x64\debug\albumscene.obj
c:\users\rafa0\onedrive\documentos\github\nullptr\game\game\x64\debug\button.obj
c:\users\rafa0\onedrive\documentos\github\nullptr\game\game\x64\debug\game.obj
c:\users\rafa0\onedrive\documentos\github\nullptr\game\game\x64\debug\vector2d.obj
c:\users\rafa0\onedrive\documentos\github\nullptr\game\game\x64\debug\sdlapplication.obj
c:\users\rafa0\onedrive\documentos\github\nullptr\game\game\x64\debug\manager.obj
c:\users\rafa0\onedrive\documentos\github\nullptr\game\game\x64\debug\gamestatemachine.obj
c:\users\rafa0\onedrive\documentos\github\nullptr\game\game\x64\debug\transform.obj
c:\users\rafa0\onedrive\documentos\github\nullptr\game\game\x64\debug\image.obj
c:\users\rafa0\onedrive\documentos\github\nullptr\game\game\x64\debug\buttoncomponent.obj
c:\users\rafa0\onedrive\documentos\github\nullptr\game\game\x64\debug\mainscenemanager.obj
c:\users\rafa0\onedrive\documentos\github\nullptr\game\x64\debug\game.exe
c:\users\rafa0\onedrive\documentos\github\nullptr\game\game\x64\debug\game.ilk
c:\users\rafa0\onedrive\documentos\github\nullptr\game\x64\debug\game.pdb
c:\users\rafa0\onedrive\documentos\github\nullptr\game\game\x64\debug\game.res
c:\users\rafa0\onedrive\documentos\github\nullptr\game\game\x64\debug\playermovementcomponent.obj
c:\users\rafa0\onedrive\documentos\github\nullptr\game\game\x64\debug\game.tlog\cl.command.1.tlog
c:\users\rafa0\onedrive\documentos\github\nullptr\game\game\x64\debug\game.tlog\cl.read.1.tlog
c:\users\rafa0\onedrive\documentos\github\nullptr\game\game\x64\debug\game.tlog\cl.write.1.tlog
c:\users\rafa0\onedrive\documentos\github\nullptr\game\game\x64\debug\game.tlog\link.command.1.tlog
c:\users\rafa0\onedrive\documentos\github\nullptr\game\game\x64\debug\game.tlog\link.read.1.tlog
c:\users\rafa0\onedrive\documentos\github\nullptr\game\game\x64\debug\game.tlog\link.write.1.tlog
c:\users\rafa0\onedrive\documentos\github\nullptr\game\game\x64\debug\game.tlog\rc.command.1.tlog
c:\users\rafa0\onedrive\documentos\github\nullptr\game\game\x64\debug\game.tlog\rc.read.1.tlog
c:\users\rafa0\onedrive\documentos\github\nullptr\game\game\x64\debug\game.tlog\rc.write.1.tlog
